TN:
SF:admin/src/zero-trust-sw.js
FNF:0
FNH:0
DA:1,1
DA:2,1
DA:3,1
DA:4,1
DA:5,1
DA:6,1
DA:7,1
DA:8,1
DA:9,1
DA:10,1
DA:11,1
DA:12,1
DA:13,1
DA:14,1
DA:15,1
DA:16,1
DA:17,1
DA:18,1
DA:19,1
DA:20,1
DA:21,1
DA:22,1
DA:23,1
DA:24,1
DA:25,1
DA:26,1
DA:27,1
DA:28,1
DA:29,1
DA:30,1
DA:31,1
DA:32,1
DA:33,1
DA:34,1
DA:35,1
DA:36,1
DA:37,1
DA:38,1
DA:39,1
DA:40,1
DA:41,1
DA:42,1
DA:43,1
DA:44,1
DA:45,1
DA:46,1
DA:47,5
DA:48,5
DA:49,5
DA:50,5
DA:51,1
DA:52,1
DA:53,4
DA:54,5
DA:55,5
DA:56,5
DA:57,3
DA:58,3
DA:59,3
DA:60,1
DA:61,1
DA:62,3
DA:63,4
DA:64,4
DA:65,4
DA:66,4
DA:67,5
DA:68,0
DA:69,0
DA:70,0
DA:71,0
DA:72,0
DA:73,0
DA:74,0
DA:75,0
DA:76,0
DA:77,0
DA:78,0
DA:79,0
DA:80,0
DA:81,1
DA:82,1
DA:83,1
DA:84,1
DA:85,1
DA:86,4
DA:87,4
DA:88,4
DA:89,4
DA:90,1
DA:91,1
DA:92,3
DA:93,3
DA:94,3
DA:95,3
DA:96,3
DA:97,3
DA:98,3
DA:99,4
DA:100,2
DA:101,2
DA:102,2
DA:103,1
DA:104,2
DA:105,2
DA:106,3
DA:107,4
DA:108,1
DA:109,1
DA:110,1
DA:111,1
DA:112,1
DA:113,3
DA:114,3
DA:115,3
DA:116,3
DA:117,2
DA:118,2
DA:119,2
DA:120,1
DA:121,1
DA:122,1
DA:123,1
DA:124,1
DA:125,1
DA:126,1
DA:127,1
DA:128,1
DA:129,1
DA:130,1
DA:131,1
DA:132,1
DA:133,1
DA:134,1
DA:135,1
DA:136,1
DA:137,1
DA:138,1
DA:139,1
DA:140,2
DA:141,2
DA:142,2
DA:143,2
DA:144,2
DA:145,4
DA:146,0
DA:147,0
DA:148,0
DA:149,0
DA:150,0
DA:151,0
DA:152,0
DA:153,0
DA:154,0
DA:155,0
DA:156,0
DA:157,0
DA:158,0
DA:159,0
DA:160,0
DA:161,4
DA:162,1
DA:163,1
DA:164,1
DA:165,1
DA:166,1
DA:167,1
DA:168,1
DA:169,1
DA:170,1
DA:171,1
DA:172,1
DA:173,1
DA:174,0
DA:175,0
DA:176,0
DA:177,0
DA:178,0
DA:179,0
DA:180,0
DA:181,0
DA:182,0
DA:183,0
DA:184,0
DA:185,0
DA:186,1
LF:186
LH:146
BRDA:46,0,0,5
BRDA:50,1,0,4
BRDA:50,2,0,1
BRDA:52,3,0,4
BRDA:54,4,0,0
BRDA:56,5,0,3
BRDA:59,6,0,0
BRDA:59,7,0,1
BRDA:62,8,0,4
BRDA:67,9,0,0
BRDA:67,10,0,0
BRDA:85,11,0,4
BRDA:89,12,0,1
BRDA:91,13,0,3
BRDA:99,14,0,2
BRDA:101,15,0,0
BRDA:101,16,0,0
BRDA:102,17,0,1
BRDA:105,18,0,3
BRDA:107,19,0,1
BRDA:139,20,0,2
BRDA:145,21,0,0
BRDA:112,22,0,3
BRDA:116,23,0,2
BRF:24
BRH:17
end_of_record
TN:
SF:admin/src/modules/errors.js
FN:30,showError
FN:98,dismissError
FN:104,dismissAll
FNF:3
FNH:3
FNDA:19,showError
FNDA:25,dismissError
FNDA:2,dismissAll
DA:1,1
DA:2,1
DA:3,1
DA:4,1
DA:5,1
DA:6,1
DA:7,1
DA:8,1
DA:9,1
DA:10,1
DA:11,1
DA:12,1
DA:13,1
DA:14,1
DA:15,1
DA:16,1
DA:17,1
DA:18,1
DA:19,1
DA:20,1
DA:21,1
DA:22,1
DA:23,1
DA:24,1
DA:25,1
DA:26,1
DA:27,1
DA:28,1
DA:29,1
DA:30,1
DA:31,19
DA:32,19
DA:33,19
DA:34,19
DA:35,19
DA:36,19
DA:37,19
DA:38,19
DA:39,19
DA:40,19
DA:41,19
DA:42,19
DA:43,19
DA:44,19
DA:45,19
DA:46,19
DA:47,19
DA:48,19
DA:49,19
DA:50,19
DA:51,19
DA:52,19
DA:53,19
DA:54,19
DA:55,19
DA:56,19
DA:57,19
DA:58,19
DA:59,19
DA:60,19
DA:61,19
DA:62,19
DA:63,19
DA:64,19
DA:65,2
DA:66,2
DA:67,19
DA:68,19
DA:69,19
DA:70,19
DA:71,19
DA:72,19
DA:73,19
DA:74,19
DA:75,19
DA:76,19
DA:77,19
DA:78,19
DA:79,1
DA:80,1
DA:81,1
DA:82,1
DA:83,1
DA:84,1
DA:85,1
DA:86,1
DA:87,1
DA:88,1
DA:89,19
DA:90,19
DA:91,19
DA:92,19
DA:93,1
DA:94,1
DA:95,1
DA:96,1
DA:97,1
DA:98,1
DA:99,25
DA:100,25
DA:101,25
DA:102,1
DA:103,1
DA:104,1
DA:105,2
DA:106,2
DA:107,2
DA:108,2
DA:109,2
LF:109
LH:109
BRDA:30,0,0,19
BRDA:54,1,0,1
BRDA:78,2,0,1
BRDA:64,3,0,2
BRDA:73,4,0,1
BRDA:98,5,0,25
BRDA:99,6,0,17
BRDA:104,7,0,2
BRF:8
BRH:8
end_of_record
TN:
SF:admin/src/modules/hmr-bridge.js
FN:27,connectHmr
FN:37,connect
FN:79,closeHandler
FN:97,disconnectHmr
FN:110,disconnectAll
FNF:5
FNH:4
FNDA:8,connectHmr
FNDA:9,connect
FNDA:1,closeHandler
FNDA:18,disconnectHmr
FNDA:0,disconnectAll
DA:1,1
DA:2,1
DA:3,1
DA:4,1
DA:5,1
DA:6,1
DA:7,1
DA:8,1
DA:9,1
DA:10,1
DA:11,1
DA:12,1
DA:13,1
DA:14,1
DA:15,1
DA:16,1
DA:17,1
DA:18,1
DA:19,1
DA:20,1
DA:21,1
DA:22,1
DA:23,1
DA:24,1
DA:25,1
DA:26,1
DA:27,1
DA:28,8
DA:29,8
DA:30,8
DA:31,8
DA:32,8
DA:33,8
DA:34,8
DA:35,8
DA:36,8
DA:37,8
DA:38,9
DA:39,9
DA:40,9
DA:41,0
DA:42,0
DA:43,0
DA:44,0
DA:45,0
DA:46,9
DA:47,9
DA:48,0
DA:49,9
DA:50,9
DA:51,9
DA:52,5
DA:53,5
DA:54,5
DA:55,5
DA:56,1
DA:57,1
DA:58,4
DA:59,4
DA:60,5
DA:61,1
DA:62,1
DA:63,3
DA:64,3
DA:65,3
DA:66,5
DA:67,2
DA:68,2
DA:69,2
DA:70,0
DA:71,0
DA:72,0
DA:73,2
DA:74,9
DA:75,9
DA:76,9
DA:77,9
DA:78,9
DA:79,9
DA:80,1
DA:81,1
DA:82,9
DA:83,9
DA:84,9
DA:85,9
DA:86,9
DA:87,8
DA:88,8
DA:89,8
DA:90,8
DA:91,1
DA:92,1
DA:93,1
DA:94,1
DA:95,1
DA:96,1
DA:97,1
DA:98,18
DA:99,18
DA:100,8
DA:101,8
DA:102,8
DA:103,8
DA:104,8
DA:105,8
DA:106,8
DA:107,18
DA:108,1
DA:109,1
DA:110,1
DA:111,0
DA:112,0
DA:113,0
DA:114,0
LF:114
LH:101
BRDA:27,0,0,8
BRDA:37,1,0,9
BRDA:40,2,0,0
BRDA:51,3,0,5
BRDA:55,4,0,1
BRDA:57,5,0,4
BRDA:60,6,0,1
BRDA:62,7,0,3
BRDA:66,8,0,2
BRDA:66,9,0,2
BRDA:69,10,0,0
BRDA:79,11,0,1
BRDA:97,12,0,18
BRDA:99,13,0,8
BRF:14
BRH:12
end_of_record
TN:
SF:admin/src/modules/home.js
FN:41,HomeScreen
FN:52,mount
FN:58,refresh
FN:70,recordOpen
FN:92,addWidget
FN:99,_render
FN:116,_renderWelcome
FN:216,_renderWelcomeCard
FN:314,_renderHome
FN:387,img.onerror
FN:444,img.onerror
FN:508,img.onerror
FN:561,_renderGettingStarted
FN:604,card.addEventListener.once
FN:613,makeStep
FNF:15
FNH:10
FNDA:23,HomeScreen
FNDA:22,mount
FNDA:6,refresh
FNDA:3,recordOpen
FNDA:3,addWidget
FNDA:28,_render
FNDA:5,_renderWelcome
FNDA:0,_renderWelcomeCard
FNDA:23,_renderHome
FNDA:0,img.onerror
FNDA:0,img.onerror
FNDA:0,img.onerror
FNDA:23,_renderGettingStarted
FNDA:0,card.addEventListener.once
FNDA:42,makeStep
DA:1,1
DA:2,1
DA:3,1
DA:4,1
DA:5,1
DA:6,1
DA:7,1
DA:8,1
DA:9,1
DA:10,1
DA:11,1
DA:12,1
DA:13,1
DA:14,1
DA:15,1
DA:16,1
DA:17,1
DA:18,1
DA:19,1
DA:20,1
DA:21,1
DA:22,1
DA:23,1
DA:24,1
DA:25,1
DA:26,1
DA:27,1
DA:28,1
DA:29,1
DA:30,1
DA:31,1
DA:32,1
DA:33,1
DA:34,1
DA:35,1
DA:36,1
DA:37,1
DA:38,1
DA:39,1
DA:40,1
DA:41,1
DA:42,23
DA:43,23
DA:44,23
DA:45,23
DA:46,1
DA:47,1
DA:48,1
DA:49,1
DA:50,1
DA:51,1
DA:52,1
DA:53,22
DA:54,22
DA:55,22
DA:56,1
DA:57,1
DA:58,1
DA:59,6
DA:60,5
DA:61,5
DA:62,6
DA:63,1
DA:64,1
DA:65,1
DA:66,1
DA:67,1
DA:68,1
DA:69,1
DA:70,1
DA:71,3
DA:72,2
DA:73,2
DA:74,1
DA:75,1
DA:76,1
DA:77,1
DA:78,0
DA:79,1
DA:80,1
DA:81,1
DA:82,1
DA:83,1
DA:84,3
DA:85,1
DA:86,1
DA:87,1
DA:88,1
DA:89,1
DA:90,1
DA:91,1
DA:92,1
DA:93,3
DA:94,3
DA:95,3
DA:96,1
DA:97,1
DA:98,1
DA:99,1
DA:100,28
DA:101,28
DA:102,0
DA:103,0
DA:104,28
DA:105,28
DA:106,28
DA:107,5
DA:108,5
DA:109,5
DA:110,23
DA:111,23
DA:112,23
DA:113,1
DA:114,1
DA:115,1
DA:116,1
DA:117,5
DA:118,5
DA:119,5
DA:120,5
DA:121,5
DA:122,5
DA:123,5
DA:124,5
DA:125,5
DA:126,5
DA:127,5
DA:128,5
DA:129,5
DA:130,5
DA:131,5
DA:132,5
DA:133,5
DA:134,5
DA:135,5
DA:136,5
DA:137,5
DA:138,5
DA:139,5
DA:140,5
DA:141,5
DA:142,5
DA:143,5
DA:144,5
DA:145,5
DA:146,5
DA:147,5
DA:148,5
DA:149,5
DA:150,5
DA:151,15
DA:152,15
DA:153,15
DA:154,15
DA:155,15
DA:156,5
DA:157,5
DA:158,5
DA:159,5
DA:160,5
DA:161,5
DA:162,5
DA:163,5
DA:164,5
DA:165,5
DA:166,5
DA:167,1
DA:168,1
DA:169,1
DA:170,0
DA:171,1
DA:172,1
DA:173,5
DA:174,5
DA:175,5
DA:176,5
DA:177,5
DA:178,5
DA:179,5
DA:180,5
DA:181,5
DA:182,5
DA:183,5
DA:184,5
DA:185,5
DA:186,0
DA:187,0
DA:188,0
DA:189,0
DA:190,0
DA:191,0
DA:192,0
DA:193,0
DA:194,0
DA:195,0
DA:196,0
DA:197,0
DA:198,0
DA:199,0
DA:200,0
DA:201,0
DA:202,0
DA:203,0
DA:204,0
DA:205,0
DA:206,0
DA:207,5
DA:208,5
DA:209,1
DA:210,1
DA:211,1
DA:212,1
DA:213,1
DA:214,1
DA:215,1
DA:216,1
DA:217,0
DA:218,0
DA:219,0
DA:220,0
DA:221,0
DA:222,0
DA:223,0
DA:224,0
DA:225,0
DA:226,0
DA:227,0
DA:228,0
DA:229,0
DA:230,0
DA:231,0
DA:232,0
DA:233,0
DA:234,0
DA:235,0
DA:236,0
DA:237,0
DA:238,0
DA:239,0
DA:240,0
DA:241,0
DA:242,0
DA:243,0
DA:244,0
DA:245,0
DA:246,0
DA:247,0
DA:248,0
DA:249,0
DA:250,0
DA:251,0
DA:252,0
DA:253,0
DA:254,0
DA:255,0
DA:256,0
DA:257,0
DA:258,0
DA:259,0
DA:260,0
DA:261,0
DA:262,0
DA:263,0
DA:264,0
DA:265,0
DA:266,0
DA:267,0
DA:268,0
DA:269,0
DA:270,0
DA:271,0
DA:272,0
DA:273,0
DA:274,0
DA:275,0
DA:276,0
DA:277,0
DA:278,0
DA:279,0
DA:280,0
DA:281,0
DA:282,0
DA:283,0
DA:284,0
DA:285,0
DA:286,0
DA:287,0
DA:288,0
DA:289,0
DA:290,0
DA:291,0
DA:292,0
DA:293,0
DA:294,0
DA:295,0
DA:296,0
DA:297,0
DA:298,0
DA:299,0
DA:300,0
DA:301,0
DA:302,0
DA:303,0
DA:304,0
DA:305,0
DA:306,0
DA:307,0
DA:308,0
DA:309,0
DA:310,0
DA:311,1
DA:312,1
DA:313,1
DA:314,1
DA:315,23
DA:316,23
DA:317,23
DA:318,23
DA:319,23
DA:320,23
DA:321,21
DA:322,21
DA:323,23
DA:324,23
DA:325,12
DA:326,12
DA:327,12
DA:328,12
DA:329,12
DA:330,12
DA:331,12
DA:332,36
DA:333,36
DA:334,36
DA:335,36
DA:336,12
DA:337,12
DA:338,12
DA:339,12
DA:340,12
DA:341,12
DA:342,12
DA:343,12
DA:344,12
DA:345,12
DA:346,12
DA:347,12
DA:348,12
DA:349,12
DA:350,12
DA:351,12
DA:352,12
DA:353,12
DA:354,12
DA:355,12
DA:356,12
DA:357,11
DA:358,11
DA:359,11
DA:360,23
DA:361,1
DA:362,1
DA:363,1
DA:364,1
DA:365,1
DA:366,1
DA:367,1
DA:368,1
DA:369,1
DA:370,1
DA:371,1
DA:372,1
DA:373,1
DA:374,1
DA:375,1
DA:376,1
DA:377,1
DA:378,1
DA:379,1
DA:380,1
DA:381,1
DA:382,1
DA:383,1
DA:384,1
DA:385,1
DA:386,1
DA:387,1
DA:388,0
DA:389,0
DA:390,0
DA:391,0
DA:392,1
DA:393,1
DA:394,1
DA:395,1
DA:396,1
DA:397,1
DA:398,1
DA:399,1
DA:400,1
DA:401,1
DA:402,1
DA:403,1
DA:404,0
DA:405,0
DA:406,0
DA:407,0
DA:408,0
DA:409,0
DA:410,0
DA:411,1
DA:412,1
DA:413,1
DA:414,1
DA:415,1
DA:416,1
DA:417,1
DA:418,1
DA:419,11
DA:420,11
DA:421,11
DA:422,11
DA:423,11
DA:424,23
DA:425,2
DA:426,2
DA:427,2
DA:428,2
DA:429,2
DA:430,2
DA:431,2
DA:432,2
DA:433,2
DA:434,2
DA:435,2
DA:436,2
DA:437,2
DA:438,2
DA:439,2
DA:440,2
DA:441,2
DA:442,2
DA:443,2
DA:444,2
DA:445,2
DA:446,2
DA:447,2
DA:448,2
DA:449,2
DA:450,2
DA:451,2
DA:452,2
DA:453,2
DA:454,2
DA:455,2
DA:456,2
DA:457,2
DA:458,2
DA:459,2
DA:460,2
DA:461,2
DA:462,2
DA:463,2
DA:464,1
DA:465,1
DA:466,1
DA:467,1
DA:468,1
DA:469,1
DA:470,2
DA:471,2
DA:472,2
DA:473,2
DA:474,2
DA:475,2
DA:476,2
DA:477,11
DA:478,11
DA:479,11
DA:480,11
DA:481,11
DA:482,11
DA:483,11
DA:484,11
DA:485,11
DA:486,11
DA:487,11
DA:488,11
DA:489,11
DA:490,11
DA:491,11
DA:492,23
DA:493,12
DA:494,12
DA:495,12
DA:496,12
DA:497,12
DA:498,12
DA:499,12
DA:500,12
DA:501,12
DA:502,12
DA:503,12
DA:504,12
DA:505,12
DA:506,12
DA:507,12
DA:508,12
DA:509,0
DA:510,0
DA:511,0
DA:512,0
DA:513,12
DA:514,12
DA:515,12
DA:516,12
DA:517,12
DA:518,12
DA:519,12
DA:520,12
DA:521,12
DA:522,12
DA:523,12
DA:524,12
DA:525,0
DA:526,0
DA:527,0
DA:528,0
DA:529,0
DA:530,0
DA:531,0
DA:532,0
DA:533,0
DA:534,0
DA:535,12
DA:536,12
DA:537,0
DA:538,0
DA:539,0
DA:540,0
DA:541,0
DA:542,0
DA:543,12
DA:544,12
DA:545,12
DA:546,12
DA:547,11
DA:548,11
DA:549,11
DA:550,11
DA:551,1
DA:552,1
DA:553,1
DA:554,1
DA:555,1
DA:556,1
DA:557,1
DA:558,1
DA:559,1
DA:560,1
DA:561,1
DA:562,23
DA:563,1
DA:564,1
DA:565,22
DA:566,22
DA:567,22
DA:568,22
DA:569,22
DA:570,22
DA:571,23
DA:572,1
DA:573,1
DA:574,1
DA:575,0
DA:576,1
DA:577,1
DA:578,1
DA:579,21
DA:580,21
DA:581,21
DA:582,21
DA:583,21
DA:584,21
DA:585,21
DA:586,21
DA:587,21
DA:588,21
DA:589,21
DA:590,21
DA:591,21
DA:592,21
DA:593,21
DA:594,21
DA:595,21
DA:596,21
DA:597,21
DA:598,1
DA:599,1
DA:600,1
DA:601,0
DA:602,1
DA:603,1
DA:604,1
DA:605,21
DA:606,21
DA:607,21
DA:608,21
DA:609,21
DA:610,21
DA:611,21
DA:612,21
DA:613,21
DA:614,42
DA:615,42
DA:616,42
DA:617,42
DA:618,42
DA:619,42
DA:620,42
DA:621,42
DA:622,42
DA:623,42
DA:624,42
DA:625,42
DA:626,42
DA:627,42
DA:628,42
DA:629,42
DA:630,42
DA:631,42
DA:632,42
DA:633,42
DA:634,42
DA:635,42
DA:636,42
DA:637,42
DA:638,11
DA:639,11
DA:640,11
DA:641,11
DA:642,11
DA:643,11
DA:644,11
DA:645,11
DA:646,42
DA:647,42
DA:648,42
DA:649,42
DA:650,42
DA:651,42
DA:652,42
DA:653,42
DA:654,42
DA:655,21
DA:656,21
DA:657,21
DA:658,21
DA:659,21
DA:660,21
DA:661,21
DA:662,42
DA:663,42
DA:664,21
DA:665,21
DA:666,21
DA:667,21
DA:668,21
DA:669,21
DA:670,21
DA:671,21
DA:672,21
DA:673,21
DA:674,21
DA:675,21
DA:676,23
DA:677,23
DA:678,0
DA:679,0
DA:680,0
DA:681,0
DA:682,0
DA:683,23
DA:684,23
DA:685,23
DA:686,23
DA:687,23
DA:688,23
DA:689,23
DA:690,23
DA:691,23
DA:692,23
DA:693,23
DA:694,23
DA:695,23
DA:696,23
DA:697,23
DA:698,23
DA:699,23
DA:700,23
DA:701,23
DA:702,23
DA:703,1
LF:703
LH:546
BRDA:41,0,0,23
BRDA:52,1,0,22
BRDA:58,2,0,6
BRDA:59,3,0,5
BRDA:70,4,0,3
BRDA:71,5,0,2
BRDA:71,6,0,2
BRDA:73,7,0,1
BRDA:77,8,0,0
BRDA:92,9,0,3
BRDA:99,10,0,28
BRDA:101,11,0,0
BRDA:106,12,0,5
BRDA:109,13,0,23
BRDA:116,14,0,5
BRDA:150,15,0,15
BRDA:166,16,0,1
BRDA:169,17,0,0
BRDA:180,18,0,5
BRDA:185,19,0,0
BRDA:314,20,0,23
BRDA:320,21,0,21
BRDA:324,22,0,12
BRDA:331,23,0,36
BRDA:356,24,0,11
BRDA:360,25,0,1
BRDA:377,26,0,0
BRDA:397,27,0,0
BRDA:403,28,0,0
BRDA:418,29,0,11
BRDA:424,30,0,2
BRDA:449,31,0,0
BRDA:449,32,0,0
BRDA:459,33,0,1
BRDA:459,34,0,1
BRDA:463,35,0,1
BRDA:476,36,0,11
BRDA:492,37,0,12
BRDA:497,38,0,0
BRDA:518,39,0,0
BRDA:524,40,0,0
BRDA:536,41,0,0
BRDA:546,42,0,11
BRDA:351,43,0,1
BRDA:359,44,0,12
BRDA:422,45,0,2
BRDA:544,46,0,1
BRDA:561,47,0,23
BRDA:562,48,0,1
BRDA:564,49,0,22
BRDA:571,50,0,11
BRDA:571,51,0,1
BRDA:574,52,0,0
BRDA:578,53,0,21
BRDA:676,54,0,10
BRDA:676,55,0,11
BRDA:677,56,0,10
BRDA:683,57,0,11
BRDA:597,58,0,1
BRDA:600,59,0,0
BRDA:613,60,0,42
BRDA:615,61,0,11
BRDA:615,62,0,31
BRDA:633,63,0,11
BRDA:633,64,0,31
BRDA:637,65,0,11
BRDA:654,66,0,31
BRDA:654,67,0,21
BRDA:654,68,0,21
BRF:69
BRH:54
end_of_record
TN:
SF:admin/src/modules/lru.js
FN:6,LruIframeManager
FN:14,activate
FN:47,f.addEventListener.once
FN:55,destroy
FN:61,reload
FN:71,_sandboxAttr
FN:75,_show
FN:79,_touch
FN:90,TrustAwareLruManager
FN:95,_sandboxAttr
FNF:10
FNH:9
FNDA:15,LruIframeManager
FNDA:21,activate
FNDA:0,f.addEventListener.once
FNDA:2,destroy
FNDA:2,reload
FNDA:14,_sandboxAttr
FNDA:3,_show
FNDA:21,_touch
FNDA:4,TrustAwareLruManager
FNDA:4,_sandboxAttr
DA:1,1
DA:2,1
DA:3,1
DA:4,1
DA:5,1
DA:6,1
DA:7,15
DA:8,15
DA:9,15
DA:10,15
DA:11,15
DA:12,15
DA:13,1
DA:14,1
DA:15,21
DA:16,12
DA:17,12
DA:18,12
DA:19,21
DA:20,21
DA:21,3
DA:22,3
DA:23,3
DA:24,3
DA:25,3
DA:26,18
DA:27,21
DA:28,2
DA:29,2
DA:30,2
DA:31,2
DA:32,2
DA:33,18
DA:34,18
DA:35,18
DA:36,18
DA:37,18
DA:38,18
DA:39,18
DA:40,18
DA:41,18
DA:42,18
DA:43,18
DA:44,18
DA:45,18
DA:46,18
DA:47,18
DA:48,18
DA:49,18
DA:50,18
DA:51,18
DA:52,18
DA:53,18
DA:54,1
DA:55,1
DA:56,2
DA:57,2
DA:58,2
DA:59,2
DA:60,1
DA:61,1
DA:62,2
DA:63,2
DA:64,1
DA:65,1
DA:66,1
DA:67,1
DA:68,2
DA:69,1
DA:70,1
DA:71,1
DA:72,14
DA:73,14
DA:74,1
DA:75,1
DA:76,3
DA:77,3
DA:78,3
DA:79,1
DA:80,21
DA:81,21
DA:82,21
DA:83,1
DA:84,1
DA:85,1
DA:86,1
DA:87,1
DA:88,1
DA:89,1
DA:90,1
DA:91,4
DA:92,4
DA:93,4
DA:94,1
DA:95,1
DA:96,4
DA:97,4
DA:98,4
DA:99,4
DA:100,0
DA:101,0
DA:102,4
DA:103,4
DA:104,4
DA:105,4
DA:106,1
DA:107,1
DA:108,4
DA:109,0
DA:110,0
DA:111,4
DA:112,4
DA:113,3
DA:114,3
DA:115,4
DA:116,4
DA:117,1
LF:117
LH:113
BRDA:6,0,0,15
BRDA:14,1,0,21
BRDA:15,2,0,12
BRDA:20,3,0,3
BRDA:25,4,0,18
BRDA:27,5,0,2
BRDA:32,6,0,18
BRDA:55,7,0,2
BRDA:56,8,0,1
BRDA:58,9,0,1
BRDA:61,10,0,2
BRDA:63,11,0,1
BRDA:71,12,0,14
BRDA:75,13,0,3
BRDA:79,14,0,21
BRDA:80,15,0,10
BRDA:90,16,0,4
BRDA:95,17,0,4
BRDA:99,18,0,0
BRDA:103,19,0,0
BRDA:105,20,0,1
BRDA:108,21,0,0
BRDA:111,22,0,2
BRDA:112,23,0,3
BRF:24
BRH:21
end_of_record
TN:
SF:admin/src/modules/nav.js
FN:22,lsGet
FN:29,lsSet
FN:41,_toArray
FN:54,saveOrder
FN:57,savePinned
FN:60,saveRecent
FN:70,pushRecent
FN:92,sortedEnabled
FN:94,orderIdx
FN:124,invalidateSortCache
FN:137,patchNavBadges
FN:179,patchNavHealth
FN:213,dashicon
FN:228,buildItem
FN:267,img.onerror
FN:364,buildGroupHeader
FN:391,buildDivider
FN:398,buildSectionLabel
FN:420,attachDragHandlers
FN:518,registerShortcuts
FNF:20
FNH:13
FNDA:3,lsGet
FNDA:11,lsSet
FNDA:3,_toArray
FNDA:0,saveOrder
FNDA:0,savePinned
FNDA:11,saveRecent
FNDA:12,pushRecent
FNDA:8,sortedEnabled
FNDA:24,orderIdx
FNDA:0,invalidateSortCache
FNDA:0,patchNavBadges
FNDA:0,patchNavHealth
FNDA:13,dashicon
FNDA:13,buildItem
FNDA:0,img.onerror
FNDA:2,buildGroupHeader
FNDA:1,buildDivider
FNDA:1,buildSectionLabel
FNDA:5,attachDragHandlers
FNDA:0,registerShortcuts
DA:1,1
DA:2,1
DA:3,1
DA:4,1
DA:5,1
DA:6,1
DA:7,1
DA:8,1
DA:9,1
DA:10,1
DA:11,1
DA:12,1
DA:13,1
DA:14,1
DA:15,1
DA:16,1
DA:17,1
DA:18,1
DA:19,1
DA:20,1
DA:21,1
DA:22,3
DA:23,3
DA:24,3
DA:25,3
DA:26,0
DA:27,0
DA:28,3
DA:29,11
DA:30,11
DA:31,11
DA:32,11
DA:33,0
DA:34,11
DA:35,11
DA:36,1
DA:37,1
DA:38,1
DA:39,1
DA:40,1
DA:41,1
DA:42,1
DA:43,1
DA:44,1
DA:45,1
DA:46,1
DA:47,1
DA:48,1
DA:49,1
DA:50,1
DA:51,1
DA:52,1
DA:53,1
DA:54,1
DA:55,0
DA:56,0
DA:57,1
DA:58,0
DA:59,0
DA:60,1
DA:61,11
DA:62,11
DA:63,1
DA:64,1
DA:65,1
DA:66,1
DA:67,1
DA:68,1
DA:69,1
DA:70,1
DA:71,12
DA:72,1
DA:73,1
DA:74,11
DA:75,12
DA:76,1
DA:77,1
DA:78,11
DA:79,12
DA:80,2
DA:81,2
DA:82,11
DA:83,11
DA:84,1
DA:85,1
DA:86,1
DA:87,1
DA:88,1
DA:89,1
DA:90,1
DA:91,1
DA:92,1
DA:93,8
DA:94,8
DA:95,24
DA:96,24
DA:97,8
DA:98,8
DA:99,13
DA:100,13
DA:101,13
DA:102,1
DA:103,1
DA:104,12
DA:105,13
DA:106,13
DA:107,8
DA:108,8
DA:109,1
DA:110,1
DA:111,1
DA:112,1
DA:113,1
DA:114,1
DA:115,1
DA:116,1
DA:117,1
DA:118,1
DA:119,1
DA:120,1
DA:121,1
DA:122,1
DA:123,1
DA:124,1
DA:125,0
DA:126,0
DA:127,1
DA:128,1
DA:129,1
DA:130,1
DA:131,1
DA:132,1
DA:133,1
DA:134,1
DA:135,1
DA:136,1
DA:137,1
DA:138,0
DA:139,0
DA:140,0
DA:141,0
DA:142,0
DA:143,0
DA:144,0
DA:145,0
DA:146,0
DA:147,0
DA:148,0
DA:149,0
DA:150,0
DA:151,0
DA:152,0
DA:153,0
DA:154,0
DA:155,0
DA:156,0
DA:157,0
DA:158,0
DA:159,0
DA:160,0
DA:161,0
DA:162,0
DA:163,0
DA:164,0
DA:165,0
DA:166,0
DA:167,0
DA:168,0
DA:169,0
DA:170,0
DA:171,1
DA:172,1
DA:173,1
DA:174,1
DA:175,1
DA:176,1
DA:177,1
DA:178,1
DA:179,1
DA:180,0
DA:181,0
DA:182,0
DA:183,0
DA:184,0
DA:185,0
DA:186,0
DA:187,0
DA:188,0
DA:189,0
DA:190,0
DA:191,0
DA:192,0
DA:193,0
DA:194,0
DA:195,0
DA:196,0
DA:197,0
DA:198,0
DA:199,0
DA:200,0
DA:201,0
DA:202,0
DA:203,0
DA:204,0
DA:205,0
DA:206,0
DA:207,0
DA:208,0
DA:209,0
DA:210,1
DA:211,1
DA:212,1
DA:213,13
DA:214,13
DA:215,13
DA:216,13
DA:217,13
DA:218,1
DA:219,1
DA:220,1
DA:221,1
DA:222,1
DA:223,1
DA:224,1
DA:225,1
DA:226,1
DA:227,1
DA:228,1
DA:229,13
DA:230,13
DA:231,13
DA:232,13
DA:233,13
DA:234,13
DA:235,13
DA:236,13
DA:237,13
DA:238,13
DA:239,13
DA:240,13
DA:241,13
DA:242,13
DA:243,13
DA:244,13
DA:245,13
DA:246,13
DA:247,1
DA:248,1
DA:249,13
DA:250,13
DA:251,13
DA:252,13
DA:253,13
DA:254,13
DA:255,0
DA:256,0
DA:257,0
DA:258,0
DA:259,0
DA:260,13
DA:261,0
DA:262,0
DA:263,0
DA:264,0
DA:265,0
DA:266,0
DA:267,0
DA:268,0
DA:269,0
DA:270,13
DA:271,13
DA:272,13
DA:273,13
DA:274,13
DA:275,13
DA:276,13
DA:277,13
DA:278,13
DA:279,13
DA:280,13
DA:281,13
DA:282,13
DA:283,13
DA:284,1
DA:285,1
DA:286,1
DA:287,1
DA:288,1
DA:289,1
DA:290,1
DA:291,13
DA:292,13
DA:293,13
DA:294,13
DA:295,1
DA:296,1
DA:297,1
DA:298,1
DA:299,1
DA:300,1
DA:301,1
DA:302,1
DA:303,1
DA:304,1
DA:305,1
DA:306,1
DA:307,13
DA:308,13
DA:309,13
DA:310,13
DA:311,2
DA:312,2
DA:313,2
DA:314,2
DA:315,2
DA:316,2
DA:317,2
DA:318,2
DA:319,2
DA:320,2
DA:321,2
DA:322,13
DA:323,13
DA:324,13
DA:325,13
DA:326,13
DA:327,13
DA:328,13
DA:329,13
DA:330,13
DA:331,13
DA:332,13
DA:333,0
DA:334,13
DA:335,13
DA:336,13
DA:337,0
DA:338,0
DA:339,0
DA:340,0
DA:341,0
DA:342,0
DA:343,0
DA:344,0
DA:345,0
DA:346,0
DA:347,0
DA:348,0
DA:349,0
DA:350,0
DA:351,0
DA:352,0
DA:353,13
DA:354,13
DA:355,13
DA:356,13
DA:357,13
DA:358,13
DA:359,0
DA:360,0
DA:361,13
DA:362,13
DA:363,1
DA:364,1
DA:365,2
DA:366,2
DA:367,2
DA:368,2
DA:369,2
DA:370,2
DA:371,2
DA:372,2
DA:373,2
DA:374,2
DA:375,0
DA:376,0
DA:377,0
DA:378,0
DA:379,0
DA:380,0
DA:381,0
DA:382,0
DA:383,0
DA:384,0
DA:385,0
DA:386,2
DA:387,2
DA:388,2
DA:389,2
DA:390,1
DA:391,1
DA:392,1
DA:393,1
DA:394,1
DA:395,1
DA:396,1
DA:397,1
DA:398,1
DA:399,1
DA:400,1
DA:401,1
DA:402,1
DA:403,1
DA:404,1
DA:405,1
DA:406,1
DA:407,1
DA:408,1
DA:409,1
DA:410,1
DA:411,1
DA:412,1
DA:413,1
DA:414,1
DA:415,1
DA:416,1
DA:417,1
DA:418,1
DA:419,1
DA:420,1
DA:421,5
DA:422,2
DA:423,2
DA:424,3
DA:425,3
DA:426,0
DA:427,0
DA:428,0
DA:429,0
DA:430,0
DA:431,0
DA:432,0
DA:433,0
DA:434,3
DA:435,3
DA:436,3
DA:437,0
DA:438,0
DA:439,0
DA:440,0
DA:441,0
DA:442,0
DA:443,0
DA:444,0
DA:445,0
DA:446,0
DA:447,3
DA:448,3
DA:449,3
DA:450,0
DA:451,0
DA:452,0
DA:453,0
DA:454,0
DA:455,0
DA:456,3
DA:457,3
DA:458,3
DA:459,0
DA:460,0
DA:461,0
DA:462,0
DA:463,0
DA:464,0
DA:465,0
DA:466,0
DA:467,0
DA:468,0
DA:469,0
DA:470,0
DA:471,0
DA:472,0
DA:473,0
DA:474,0
DA:475,0
DA:476,0
DA:477,0
DA:478,0
DA:479,0
DA:480,0
DA:481,0
DA:482,0
DA:483,0
DA:484,0
DA:485,0
DA:486,0
DA:487,0
DA:488,0
DA:489,0
DA:490,3
DA:491,3
DA:492,3
DA:493,0
DA:494,0
DA:495,0
DA:496,0
DA:497,0
DA:498,0
DA:499,0
DA:500,0
DA:501,0
DA:502,0
DA:503,3
DA:504,3
DA:505,1
DA:506,1
DA:507,1
DA:508,1
DA:509,1
DA:510,1
DA:511,1
DA:512,1
DA:513,1
DA:514,1
DA:515,1
DA:516,1
DA:517,1
DA:518,1
DA:519,0
DA:520,0
DA:521,0
DA:522,0
DA:523,0
DA:524,0
DA:525,0
DA:526,0
DA:527,0
DA:528,0
DA:529,0
DA:530,0
DA:531,0
DA:532,0
DA:533,0
DA:534,0
DA:535,0
DA:536,0
DA:537,0
DA:538,0
DA:539,0
LF:539
LH:337
BRDA:22,0,0,3
BRDA:25,1,0,0
BRDA:29,2,0,11
BRDA:32,3,0,0
BRDA:41,4,0,3
BRDA:41,5,0,0
BRDA:60,6,0,11
BRDA:70,7,0,12
BRDA:71,8,0,11
BRDA:71,9,0,1
BRDA:73,10,0,11
BRDA:75,11,0,1
BRDA:77,12,0,11
BRDA:79,13,0,2
BRDA:81,14,0,11
BRDA:92,15,0,8
BRDA:93,16,0,19
BRDA:94,17,0,24
BRDA:96,18,0,16
BRDA:96,19,0,8
BRDA:98,20,0,13
BRDA:99,21,0,1
BRDA:99,22,0,12
BRDA:100,23,0,0
BRDA:101,24,0,1
BRDA:103,25,0,12
BRDA:105,26,0,7
BRDA:105,27,0,1
BRDA:105,28,0,3
BRDA:213,29,0,13
BRDA:228,30,0,13
BRDA:235,31,0,1
BRDA:235,32,0,12
BRDA:242,33,0,1
BRDA:242,34,0,12
BRDA:246,35,0,1
BRDA:254,36,0,0
BRDA:260,37,0,0
BRDA:283,38,0,1
BRDA:294,39,0,2
BRDA:294,40,0,1
BRDA:303,41,0,0
BRDA:310,42,0,2
BRDA:313,43,0,1
BRDA:313,44,0,1
BRDA:327,45,0,0
BRDA:330,46,0,0
BRDA:333,47,0,0
BRDA:358,48,0,0
BRDA:364,49,0,2
BRDA:391,50,0,1
BRDA:398,51,0,1
BRDA:420,52,0,5
BRDA:421,53,0,2
BRDA:423,54,0,3
BRF:55
BRH:44
end_of_record
TN:
SF:admin/src/modules/upload.js
FN:27,initUpload
FN:45,showError
FN:56,showSuccess
FN:66,setProgress
FN:72,setProgressIndeterminate
FN:77,resetProgress
FN:91,xhrUpload
FN:141,handleUpload
FNF:8
FNH:7
FNDA:16,initUpload
FNDA:7,showError
FNDA:5,showSuccess
FNDA:4,setProgress
FNDA:0,setProgressIndeterminate
FNDA:2,resetProgress
FNDA:3,xhrUpload
FNDA:5,handleUpload
DA:1,1
DA:2,1
DA:3,1
DA:4,1
DA:5,1
DA:6,1
DA:7,1
DA:8,1
DA:9,1
DA:10,1
DA:11,1
DA:12,1
DA:13,1
DA:14,1
DA:15,1
DA:16,1
DA:17,1
DA:18,1
DA:19,1
DA:20,1
DA:21,1
DA:22,1
DA:23,1
DA:24,1
DA:25,1
DA:26,1
DA:27,1
DA:28,16
DA:29,16
DA:30,16
DA:31,16
DA:32,16
DA:33,16
DA:34,16
DA:35,16
DA:36,16
DA:37,16
DA:38,16
DA:39,16
DA:40,16
DA:41,16
DA:42,16
DA:43,16
DA:44,16
DA:45,16
DA:46,7
DA:47,7
DA:48,7
DA:49,7
DA:50,7
DA:51,7
DA:52,1
DA:53,7
DA:54,7
DA:55,16
DA:56,16
DA:57,5
DA:58,5
DA:59,5
DA:60,5
DA:61,5
DA:62,1
DA:63,5
DA:64,5
DA:65,16
DA:66,16
DA:67,4
DA:68,4
DA:69,4
DA:70,4
DA:71,16
DA:72,16
DA:73,0
DA:74,0
DA:75,0
DA:76,16
DA:77,16
DA:78,2
DA:79,2
DA:80,2
DA:81,2
DA:82,2
DA:83,16
DA:84,16
DA:85,16
DA:86,16
DA:87,16
DA:88,16
DA:89,16
DA:90,16
DA:91,16
DA:92,3
DA:93,3
DA:94,3
DA:95,3
DA:96,3
DA:97,0
DA:98,0
DA:99,0
DA:100,0
DA:101,3
DA:102,3
DA:103,3
DA:104,0
DA:105,0
DA:106,3
DA:107,3
DA:108,3
DA:109,2
DA:110,2
DA:111,2
DA:112,2
DA:113,0
DA:114,0
DA:115,0
DA:116,2
DA:117,1
DA:118,1
DA:119,1
DA:120,1
DA:121,3
DA:122,3
DA:123,3
DA:124,0
DA:125,3
DA:126,3
DA:127,3
DA:128,3
DA:129,3
DA:130,3
DA:131,3
DA:132,3
DA:133,3
DA:134,3
DA:135,3
DA:136,3
DA:137,3
DA:138,3
DA:139,3
DA:140,16
DA:141,16
DA:142,5
DA:143,2
DA:144,2
DA:145,2
DA:146,3
DA:147,3
DA:148,3
DA:149,3
DA:150,3
DA:151,3
DA:152,3
DA:153,3
DA:154,1
DA:155,1
DA:156,5
DA:157,1
DA:158,1
DA:159,5
DA:160,1
DA:161,1
DA:162,1
DA:163,1
DA:164,1
DA:165,5
DA:166,2
DA:167,2
DA:168,2
DA:169,2
DA:170,2
DA:171,5
DA:172,16
DA:173,16
DA:174,16
DA:175,16
DA:176,16
DA:177,16
DA:178,2
DA:179,2
DA:180,2
DA:181,2
DA:182,2
DA:183,0
DA:184,0
DA:185,16
DA:186,16
DA:187,16
DA:188,5
DA:189,5
DA:190,5
DA:191,5
DA:192,5
DA:193,16
DA:194,16
DA:195,16
DA:196,3
DA:197,3
DA:198,16
DA:199,16
DA:200,16
DA:201,2
DA:202,1
DA:203,1
DA:204,1
DA:205,16
DA:206,16
DA:207,16
DA:208,0
DA:209,0
DA:210,0
DA:211,0
DA:212,0
DA:213,0
DA:214,16
DA:215,16
DA:216,16
DA:217,16
LF:217
LH:196
BRDA:27,0,0,16
BRDA:45,1,0,7
BRDA:51,2,0,1
BRDA:56,3,0,5
BRDA:61,4,0,1
BRDA:66,5,0,4
BRDA:77,6,0,2
BRDA:91,7,0,3
BRDA:92,8,0,3
BRDA:94,9,0,0
BRDA:131,10,0,0
BRDA:108,11,0,2
BRDA:112,12,0,0
BRDA:116,13,0,1
BRDA:119,14,0,0
BRDA:141,15,0,5
BRDA:142,16,0,2
BRDA:145,17,0,3
BRDA:153,18,0,1
BRDA:156,19,0,1
BRDA:159,20,0,1
BRDA:162,21,0,0
BRDA:165,22,0,2
BRDA:177,23,0,2
BRDA:178,24,0,1
BRDA:182,25,0,0
BRDA:182,26,0,0
BRDA:187,27,0,5
BRDA:195,28,0,3
BRDA:200,29,0,2
BRDA:201,30,0,1
BRF:31
BRH:24
end_of_record
TN:
SF:admin/src/shared/constants.js
FNF:0
FNH:0
DA:1,1
DA:2,1
DA:3,1
DA:4,1
DA:5,1
DA:6,1
DA:7,1
DA:8,1
DA:9,1
DA:10,1
DA:11,1
DA:12,1
DA:13,1
DA:14,1
DA:15,1
DA:16,1
DA:17,1
DA:18,1
DA:19,1
DA:20,1
DA:21,1
DA:22,1
DA:23,1
DA:24,1
DA:25,1
DA:26,1
DA:27,1
DA:28,1
DA:29,1
DA:30,1
DA:31,1
DA:32,1
DA:33,1
DA:34,1
DA:35,1
DA:36,1
DA:37,1
DA:38,1
DA:39,1
DA:40,1
DA:41,1
DA:42,1
LF:42
LH:42
BRF:0
BRH:0
end_of_record
TN:
SF:admin/src/shared/escape.js
FN:18,escHtml
FN:43,esc
FNF:2
FNH:2
FNDA:4,escHtml
FNDA:2,esc
DA:1,1
DA:2,1
DA:3,1
DA:4,1
DA:5,1
DA:6,1
DA:7,1
DA:8,1
DA:9,1
DA:10,1
DA:11,1
DA:12,1
DA:13,1
DA:14,1
DA:15,1
DA:16,1
DA:17,1
DA:18,1
DA:19,4
DA:20,4
DA:21,4
DA:22,4
DA:23,4
DA:24,4
DA:25,4
DA:26,1
DA:27,1
DA:28,1
DA:29,1
DA:30,1
DA:31,1
DA:32,1
DA:33,1
DA:34,1
DA:35,1
DA:36,1
DA:37,1
DA:38,1
DA:39,1
DA:40,1
DA:41,1
DA:42,1
DA:43,1
DA:44,2
DA:45,2
DA:46,2
DA:47,2
DA:48,2
DA:49,2
LF:49
LH:49
BRDA:18,0,0,4
BRDA:43,1,0,2
BRF:2
BRH:2
end_of_record
TN:
SF:packages/client/src/bus.ts
FN:49,_inShell
FN:53,_post
FN:91,on
FN:99,emit
FN:103,navigate
FN:107,toast
FN:111,badge
FN:123,onShellRoute
FNF:8
FNH:3
FNDA:9,_inShell
FNDA:9,_post
FNDA:9,on
FNDA:0,emit
FNDA:0,navigate
FNDA:0,toast
FNDA:0,badge
FNDA:0,onShellRoute
DA:1,1
DA:2,1
DA:3,1
DA:4,1
DA:5,1
DA:6,1
DA:7,1
DA:8,1
DA:9,1
DA:10,1
DA:11,1
DA:12,1
DA:13,1
DA:14,1
DA:15,1
DA:16,1
DA:17,1
DA:18,1
DA:19,1
DA:20,1
DA:21,1
DA:22,1
DA:23,1
DA:24,1
DA:25,1
DA:26,1
DA:27,1
DA:28,1
DA:29,1
DA:30,1
DA:31,1
DA:32,1
DA:33,1
DA:34,1
DA:35,1
DA:36,1
DA:37,1
DA:38,1
DA:39,1
DA:40,1
DA:41,1
DA:42,1
DA:43,1
DA:44,1
DA:45,1
DA:46,1
DA:47,1
DA:48,1
DA:49,9
DA:50,9
DA:51,9
DA:52,1
DA:53,9
DA:54,9
DA:55,0
DA:56,0
DA:57,9
DA:58,1
DA:59,1
DA:60,1
DA:61,1
DA:62,7
DA:63,7
DA:64,6
DA:65,7
DA:66,7
DA:67,7
DA:68,5
DA:69,7
DA:70,7
DA:71,7
DA:72,1
DA:73,1
DA:74,1
DA:75,5
DA:76,5
DA:77,6
DA:78,7
DA:79,1
DA:80,1
DA:81,1
DA:82,1
DA:83,0
DA:84,0
DA:85,1
DA:86,1
DA:87,1
DA:88,1
DA:89,1
DA:90,1
DA:91,1
DA:92,9
DA:93,9
DA:94,9
DA:95,9
DA:96,9
DA:97,1
DA:98,1
DA:99,1
DA:100,0
DA:101,1
DA:102,1
DA:103,1
DA:104,0
DA:105,1
DA:106,1
DA:107,1
DA:108,0
DA:109,1
DA:110,1
DA:111,1
DA:112,0
DA:113,0
DA:114,1
DA:115,1
DA:116,1
DA:117,1
DA:118,1
DA:119,1
DA:120,1
DA:121,1
DA:122,1
DA:123,1
DA:124,0
DA:125,0
LF:125
LH:114
BRDA:49,0,0,9
BRDA:53,1,0,9
BRDA:54,2,0,0
BRDA:61,3,0,7
BRDA:62,4,0,0
BRDA:63,5,0,1
BRDA:63,6,0,6
BRDA:65,7,0,0
BRDA:67,8,0,5
BRDA:67,9,0,5
BRDA:76,10,0,6
BRDA:78,11,0,1
BRDA:78,12,0,1
BRDA:68,13,0,7
BRDA:71,14,0,1
BRDA:79,15,0,1
BRDA:82,16,0,0
BRDA:91,17,0,9
BRDA:92,18,0,6
BRDA:96,19,0,9
BRF:20
BRH:16
end_of_record
TN:
SF:packages/client/src/store.ts
FN:37,createStore
FN:40,req
FN:52,get
FN:62,set
FN:66,del
FN:70,keys
FN:75,clear
FNF:7
FNH:6
FNDA:10,createStore
FNDA:10,req
FNDA:5,get
FNDA:2,set
FNDA:2,del
FNDA:1,keys
FNDA:0,clear
DA:1,1
DA:2,1
DA:3,1
DA:4,1
DA:5,1
DA:6,1
DA:7,1
DA:8,1
DA:9,1
DA:10,1
DA:11,1
DA:12,1
DA:13,1
DA:14,1
DA:15,1
DA:16,1
DA:17,1
DA:18,1
DA:19,1
DA:20,1
DA:21,1
DA:22,1
DA:23,1
DA:24,1
DA:25,1
DA:26,1
DA:27,1
DA:28,1
DA:29,1
DA:30,1
DA:31,1
DA:32,1
DA:33,1
DA:34,1
DA:35,1
DA:36,1
DA:37,1
DA:38,10
DA:39,10
DA:40,10
DA:41,10
DA:42,10
DA:43,10
DA:44,10
DA:45,10
DA:46,10
DA:47,10
DA:48,6
DA:49,6
DA:50,10
DA:51,10
DA:52,10
DA:53,5
DA:54,5
DA:55,3
DA:56,3
DA:57,5
DA:58,2
DA:59,2
DA:60,10
DA:61,10
DA:62,10
DA:63,2
DA:64,10
DA:65,10
DA:66,10
DA:67,2
DA:68,10
DA:69,10
DA:70,10
DA:71,1
DA:72,1
DA:73,10
DA:74,10
DA:75,10
DA:76,0
DA:77,0
DA:78,10
DA:79,10
LF:79
LH:77
BRDA:37,0,0,10
BRDA:40,1,0,10
BRDA:45,2,0,2
BRDA:46,3,0,9
BRDA:47,4,0,3
BRDA:47,5,0,6
BRDA:52,6,0,5
BRDA:54,7,0,3
BRDA:57,8,0,2
BRDA:62,9,0,2
BRDA:63,10,0,1
BRDA:66,11,0,2
BRDA:67,12,0,1
BRDA:70,13,0,1
BRF:14
BRH:14
end_of_record
TN:
SF:packages/design/src/components/ErrorBoundary.tsx
FN:39,<instance_members_initializer>
FN:41,getDerivedStateFromError
FN:45,componentDidCatch
FN:60,reset
FN:64,render
FNF:5
FNH:5
FNDA:11,<instance_members_initializer>
FNDA:10,getDerivedStateFromError
FNDA:5,componentDidCatch
FNDA:1,reset
FNDA:22,render
DA:1,1
DA:2,1
DA:3,1
DA:4,1
DA:5,1
DA:6,1
DA:7,1
DA:8,1
DA:9,1
DA:10,1
DA:11,1
DA:12,1
DA:13,1
DA:14,1
DA:15,1
DA:16,1
DA:17,1
DA:18,1
DA:19,1
DA:20,1
DA:21,1
DA:22,1
DA:23,1
DA:24,1
DA:25,1
DA:26,1
DA:27,1
DA:28,1
DA:29,1
DA:30,1
DA:31,1
DA:32,1
DA:33,1
DA:34,1
DA:35,1
DA:36,1
DA:37,1
DA:38,1
DA:39,1
DA:40,11
DA:41,11
DA:42,10
DA:43,10
DA:44,11
DA:45,11
DA:46,5
DA:47,5
DA:48,5
DA:49,1
DA:50,1
DA:51,1
DA:52,1
DA:53,1
DA:54,1
DA:55,0
DA:56,1
DA:57,1
DA:58,5
DA:59,11
DA:60,11
DA:61,1
DA:62,1
DA:63,1
DA:64,1
DA:65,22
DA:66,22
DA:67,22
DA:68,10
DA:69,22
DA:70,2
DA:71,2
DA:72,8
DA:73,8
DA:74,8
DA:75,8
DA:76,8
DA:77,8
DA:78,8
DA:79,8
DA:80,8
DA:81,8
DA:82,8
DA:83,8
DA:84,8
DA:85,8
DA:86,1
DA:87,1
DA:88,1
DA:89,1
DA:90,1
DA:91,1
DA:92,1
DA:93,1
DA:94,1
DA:95,1
DA:96,1
DA:97,1
DA:98,1
DA:99,1
DA:100,1
DA:101,1
DA:102,1
DA:103,1
DA:104,1
DA:105,1
DA:106,1
DA:107,1
DA:108,1
DA:109,1
DA:110,1
DA:111,1
DA:112,1
DA:113,1
DA:114,1
DA:115,1
DA:116,1
DA:117,1
DA:118,1
DA:119,1
DA:120,1
DA:121,1
DA:122,1
DA:123,1
DA:124,1
DA:125,1
DA:126,1
DA:127,1
DA:128,1
DA:129,1
DA:130,1
DA:131,1
DA:132,1
DA:133,1
DA:134,1
DA:135,1
DA:136,1
LF:136
LH:135
BRDA:39,0,0,11
BRDA:41,1,0,10
BRDA:45,2,0,5
BRDA:48,3,0,1
BRDA:51,4,0,0
BRDA:54,5,0,0
BRDA:60,6,0,1
BRDA:64,7,0,22
BRDA:67,8,0,12
BRDA:67,9,0,10
BRDA:69,10,0,2
BRDA:71,11,0,8
BRF:12
BRH:10
end_of_record
